2025-05-14 21:48:43 - INFO - Dados carregados com sucesso: vendas.csv
2025-05-14 21:48:43 - INFO - Dados carregados com sucesso: vendas.csv
2025-05-14 21:48:43 - INFO - Dados carregados com sucesso: vendas.csv
2025-05-14 21:48:43 - INFO - Dados carregados com sucesso: vendas.csv
2025-05-14 21:48:43 - INFO - Dados carregados com sucesso: clientes.json
2025-05-14 21:48:43 - INFO - Dados carregados com sucesso: clientes.json
2025-05-14 21:48:43 - INFO - Dados carregados com sucesso: clientes.json
2025-05-14 21:48:43 - INFO - Dados carregados com sucesso: clientes.json
2025-05-14 21:48:43 - INFO - Dados carregados com sucesso: produtos.csv
2025-05-14 21:48:43 - INFO - Dados carregados com sucesso: produtos.csv
2025-05-14 21:48:43 - INFO - Dados carregados com sucesso: produtos.csv
2025-05-14 21:48:43 - INFO - Dados carregados com sucesso: produtos.csv
2025-05-14 21:48:43 - INFO - Datas formatadas. Registros descartados: 6
2025-05-14 21:48:43 - INFO - Datas formatadas. Registros descartados: 6
2025-05-14 21:48:43 - INFO - Datas formatadas. Registros descartados: 6
2025-05-14 21:48:43 - INFO - Datas formatadas. Registros descartados: 6
2025-05-14 21:48:43 - ERROR - Pipeline falhou: You are trying to merge on object and int64 columns for key 'customer_id'. If you wish to proceed you should use pd.concat
Traceback (most recent call last):
  File "/home/periclesevt/PycharmProjects/pipeline-experiment/src/run_pipeline.py", line 27, in main
    vendas = filtrar_clientes_ativos(vendas, clientes)
             ^^^^^^^^^^^^^^^^^^^^^^^^^^^^^^^^^^^^^^^^^
  File "/home/periclesevt/PycharmProjects/pipeline-experiment/src/transformer.py", line 21, in filtrar_clientes_ativos
    merged = df_vendas.merge(df_clientes[['customer_id','status','country']], on='customer_id', how='left')
             ^^^^^^^^^^^^^^^^^^^^^^^^^^^^^^^^^^^^^^^^^^^^^^^^^^^^^^^^^^^^^^^^^^^^^^^^^^^^^^^^^^^^^^^^^^^^^^
  File "/home/periclesevt/PycharmProjects/pipeline-experiment/.venv/lib/python3.12/site-packages/pandas/core/frame.py", line 10832, in merge
    return merge(
           ^^^^^^
  File "/home/periclesevt/PycharmProjects/pipeline-experiment/.venv/lib/python3.12/site-packages/pandas/core/reshape/merge.py", line 170, in merge
    op = _MergeOperation(
         ^^^^^^^^^^^^^^^^
  File "/home/periclesevt/PycharmProjects/pipeline-experiment/.venv/lib/python3.12/site-packages/pandas/core/reshape/merge.py", line 807, in __init__
    self._maybe_coerce_merge_keys()
  File "/home/periclesevt/PycharmProjects/pipeline-experiment/.venv/lib/python3.12/site-packages/pandas/core/reshape/merge.py", line 1508, in _maybe_coerce_merge_keys
    raise ValueError(msg)
ValueError: You are trying to merge on object and int64 columns for key 'customer_id'. If you wish to proceed you should use pd.concat
2025-05-14 21:48:43 - ERROR - Pipeline falhou: You are trying to merge on object and int64 columns for key 'customer_id'. If you wish to proceed you should use pd.concat
Traceback (most recent call last):
  File "/home/periclesevt/PycharmProjects/pipeline-experiment/src/run_pipeline.py", line 27, in main
    vendas = filtrar_clientes_ativos(vendas, clientes)
             ^^^^^^^^^^^^^^^^^^^^^^^^^^^^^^^^^^^^^^^^^
  File "/home/periclesevt/PycharmProjects/pipeline-experiment/src/transformer.py", line 21, in filtrar_clientes_ativos
    merged = df_vendas.merge(df_clientes[['customer_id','status','country']], on='customer_id', how='left')
             ^^^^^^^^^^^^^^^^^^^^^^^^^^^^^^^^^^^^^^^^^^^^^^^^^^^^^^^^^^^^^^^^^^^^^^^^^^^^^^^^^^^^^^^^^^^^^^
  File "/home/periclesevt/PycharmProjects/pipeline-experiment/.venv/lib/python3.12/site-packages/pandas/core/frame.py", line 10832, in merge
    return merge(
           ^^^^^^
  File "/home/periclesevt/PycharmProjects/pipeline-experiment/.venv/lib/python3.12/site-packages/pandas/core/reshape/merge.py", line 170, in merge
    op = _MergeOperation(
         ^^^^^^^^^^^^^^^^
  File "/home/periclesevt/PycharmProjects/pipeline-experiment/.venv/lib/python3.12/site-packages/pandas/core/reshape/merge.py", line 807, in __init__
    self._maybe_coerce_merge_keys()
  File "/home/periclesevt/PycharmProjects/pipeline-experiment/.venv/lib/python3.12/site-packages/pandas/core/reshape/merge.py", line 1508, in _maybe_coerce_merge_keys
    raise ValueError(msg)
ValueError: You are trying to merge on object and int64 columns for key 'customer_id'. If you wish to proceed you should use pd.concat
2025-05-14 21:48:43 - ERROR - Pipeline falhou: You are trying to merge on object and int64 columns for key 'customer_id'. If you wish to proceed you should use pd.concat
Traceback (most recent call last):
  File "/home/periclesevt/PycharmProjects/pipeline-experiment/src/run_pipeline.py", line 27, in main
    vendas = filtrar_clientes_ativos(vendas, clientes)
             ^^^^^^^^^^^^^^^^^^^^^^^^^^^^^^^^^^^^^^^^^
  File "/home/periclesevt/PycharmProjects/pipeline-experiment/src/transformer.py", line 21, in filtrar_clientes_ativos
    merged = df_vendas.merge(df_clientes[['customer_id','status','country']], on='customer_id', how='left')
             ^^^^^^^^^^^^^^^^^^^^^^^^^^^^^^^^^^^^^^^^^^^^^^^^^^^^^^^^^^^^^^^^^^^^^^^^^^^^^^^^^^^^^^^^^^^^^^
  File "/home/periclesevt/PycharmProjects/pipeline-experiment/.venv/lib/python3.12/site-packages/pandas/core/frame.py", line 10832, in merge
    return merge(
           ^^^^^^
  File "/home/periclesevt/PycharmProjects/pipeline-experiment/.venv/lib/python3.12/site-packages/pandas/core/reshape/merge.py", line 170, in merge
    op = _MergeOperation(
         ^^^^^^^^^^^^^^^^
  File "/home/periclesevt/PycharmProjects/pipeline-experiment/.venv/lib/python3.12/site-packages/pandas/core/reshape/merge.py", line 807, in __init__
    self._maybe_coerce_merge_keys()
  File "/home/periclesevt/PycharmProjects/pipeline-experiment/.venv/lib/python3.12/site-packages/pandas/core/reshape/merge.py", line 1508, in _maybe_coerce_merge_keys
    raise ValueError(msg)
ValueError: You are trying to merge on object and int64 columns for key 'customer_id'. If you wish to proceed you should use pd.concat
2025-05-14 21:48:43 - ERROR - Pipeline falhou: You are trying to merge on object and int64 columns for key 'customer_id'. If you wish to proceed you should use pd.concat
Traceback (most recent call last):
  File "/home/periclesevt/PycharmProjects/pipeline-experiment/src/run_pipeline.py", line 27, in main
    vendas = filtrar_clientes_ativos(vendas, clientes)
             ^^^^^^^^^^^^^^^^^^^^^^^^^^^^^^^^^^^^^^^^^
  File "/home/periclesevt/PycharmProjects/pipeline-experiment/src/transformer.py", line 21, in filtrar_clientes_ativos
    merged = df_vendas.merge(df_clientes[['customer_id','status','country']], on='customer_id', how='left')
             ^^^^^^^^^^^^^^^^^^^^^^^^^^^^^^^^^^^^^^^^^^^^^^^^^^^^^^^^^^^^^^^^^^^^^^^^^^^^^^^^^^^^^^^^^^^^^^
  File "/home/periclesevt/PycharmProjects/pipeline-experiment/.venv/lib/python3.12/site-packages/pandas/core/frame.py", line 10832, in merge
    return merge(
           ^^^^^^
  File "/home/periclesevt/PycharmProjects/pipeline-experiment/.venv/lib/python3.12/site-packages/pandas/core/reshape/merge.py", line 170, in merge
    op = _MergeOperation(
         ^^^^^^^^^^^^^^^^
  File "/home/periclesevt/PycharmProjects/pipeline-experiment/.venv/lib/python3.12/site-packages/pandas/core/reshape/merge.py", line 807, in __init__
    self._maybe_coerce_merge_keys()
  File "/home/periclesevt/PycharmProjects/pipeline-experiment/.venv/lib/python3.12/site-packages/pandas/core/reshape/merge.py", line 1508, in _maybe_coerce_merge_keys
    raise ValueError(msg)
ValueError: You are trying to merge on object and int64 columns for key 'customer_id'. If you wish to proceed you should use pd.concat
2025-05-14 21:50:38 - INFO - Dados carregados com sucesso: vendas.csv
2025-05-14 21:50:38 - INFO - Dados carregados com sucesso: vendas.csv
2025-05-14 21:50:38 - INFO - Dados carregados com sucesso: vendas.csv
2025-05-14 21:50:38 - INFO - Dados carregados com sucesso: vendas.csv
2025-05-14 21:50:38 - INFO - Dados carregados com sucesso: clientes.json
2025-05-14 21:50:38 - INFO - Dados carregados com sucesso: clientes.json
2025-05-14 21:50:38 - INFO - Dados carregados com sucesso: clientes.json
2025-05-14 21:50:38 - INFO - Dados carregados com sucesso: clientes.json
2025-05-14 21:50:38 - INFO - Dados carregados com sucesso: produtos.csv
2025-05-14 21:50:38 - INFO - Dados carregados com sucesso: produtos.csv
2025-05-14 21:50:38 - INFO - Dados carregados com sucesso: produtos.csv
2025-05-14 21:50:38 - INFO - Dados carregados com sucesso: produtos.csv
2025-05-14 21:50:38 - INFO - Datas formatadas. Registros descartados: 6
2025-05-14 21:50:38 - INFO - Datas formatadas. Registros descartados: 6
2025-05-14 21:50:38 - INFO - Datas formatadas. Registros descartados: 6
2025-05-14 21:50:38 - INFO - Datas formatadas. Registros descartados: 6
2025-05-14 21:50:38 - INFO - IDs de cliente não numéricos descartados: 0
2025-05-14 21:50:38 - INFO - IDs de cliente não numéricos descartados: 0
2025-05-14 21:50:38 - INFO - IDs de cliente não numéricos descartados: 0
2025-05-14 21:50:38 - INFO - IDs de cliente não numéricos descartados: 0
2025-05-14 21:50:38 - INFO - Clientes ativos mantidos: 3
2025-05-14 21:50:38 - INFO - Clientes ativos mantidos: 3
2025-05-14 21:50:38 - INFO - Clientes ativos mantidos: 3
2025-05-14 21:50:38 - INFO - Clientes ativos mantidos: 3
2025-05-14 21:50:38 - INFO - Validação de colunas concluída sem erros.
2025-05-14 21:50:38 - INFO - Validação de colunas concluída sem erros.
2025-05-14 21:50:38 - INFO - Validação de colunas concluída sem erros.
2025-05-14 21:50:38 - INFO - Validação de colunas concluída sem erros.
2025-05-14 21:50:38 - INFO - Pipeline concluído: /home/periclesevt/PycharmProjects/pipeline-experiment/data/output/vendas_processadas.csv
2025-05-14 21:50:38 - INFO - Pipeline concluído: /home/periclesevt/PycharmProjects/pipeline-experiment/data/output/vendas_processadas.csv
2025-05-14 21:50:38 - INFO - Pipeline concluído: /home/periclesevt/PycharmProjects/pipeline-experiment/data/output/vendas_processadas.csv
2025-05-14 21:50:38 - INFO - Pipeline concluído: /home/periclesevt/PycharmProjects/pipeline-experiment/data/output/vendas_processadas.csv
2025-05-14 21:56:01 - INFO - Dados carregados com sucesso: vendas.csv
2025-05-14 21:56:01 - INFO - Dados carregados com sucesso: vendas.csv
2025-05-14 21:56:01 - INFO - Dados carregados com sucesso: vendas.csv
2025-05-14 21:56:01 - INFO - Dados carregados com sucesso: vendas.csv
2025-05-14 21:56:01 - INFO - Dados carregados com sucesso: clientes.json
2025-05-14 21:56:01 - INFO - Dados carregados com sucesso: clientes.json
2025-05-14 21:56:01 - INFO - Dados carregados com sucesso: clientes.json
2025-05-14 21:56:01 - INFO - Dados carregados com sucesso: clientes.json
2025-05-14 21:56:01 - INFO - Dados carregados com sucesso: produtos.csv
2025-05-14 21:56:01 - INFO - Dados carregados com sucesso: produtos.csv
2025-05-14 21:56:01 - INFO - Dados carregados com sucesso: produtos.csv
2025-05-14 21:56:01 - INFO - Dados carregados com sucesso: produtos.csv
2025-05-14 21:56:01 - INFO - Datas formatadas. Registros descartados: 6
2025-05-14 21:56:01 - INFO - Datas formatadas. Registros descartados: 6
2025-05-14 21:56:01 - INFO - Datas formatadas. Registros descartados: 6
2025-05-14 21:56:01 - INFO - Datas formatadas. Registros descartados: 6
2025-05-14 21:56:01 - INFO - IDs de cliente não numéricos descartados: 0
2025-05-14 21:56:01 - INFO - IDs de cliente não numéricos descartados: 0
2025-05-14 21:56:01 - INFO - IDs de cliente não numéricos descartados: 0
2025-05-14 21:56:01 - INFO - IDs de cliente não numéricos descartados: 0
2025-05-14 21:56:01 - INFO - Clientes ativos mantidos: 3
2025-05-14 21:56:01 - INFO - Clientes ativos mantidos: 3
2025-05-14 21:56:01 - INFO - Clientes ativos mantidos: 3
2025-05-14 21:56:01 - INFO - Clientes ativos mantidos: 3
2025-05-14 21:56:01 - INFO - Validação de colunas concluída sem erros.
2025-05-14 21:56:01 - INFO - Validação de colunas concluída sem erros.
2025-05-14 21:56:01 - INFO - Validação de colunas concluída sem erros.
2025-05-14 21:56:01 - INFO - Validação de colunas concluída sem erros.
2025-05-14 21:56:01 - INFO - Pipeline concluído: /home/periclesevt/PycharmProjects/pipeline-experiment/data/output/vendas_processadas.csv
2025-05-14 21:56:01 - INFO - Pipeline concluído: /home/periclesevt/PycharmProjects/pipeline-experiment/data/output/vendas_processadas.csv
2025-05-14 21:56:01 - INFO - Pipeline concluído: /home/periclesevt/PycharmProjects/pipeline-experiment/data/output/vendas_processadas.csv
2025-05-14 21:56:01 - INFO - Pipeline concluído: /home/periclesevt/PycharmProjects/pipeline-experiment/data/output/vendas_processadas.csv
2025-05-14 22:05:21 - INFO - Dados carregados com sucesso: vendas.csv
2025-05-14 22:05:21 - INFO - Dados carregados com sucesso: vendas.csv
2025-05-14 22:05:21 - INFO - Dados carregados com sucesso: vendas.csv
2025-05-14 22:05:21 - INFO - Dados carregados com sucesso: vendas.csv
2025-05-14 22:05:21 - INFO - Dados carregados com sucesso: clientes.json
2025-05-14 22:05:21 - INFO - Dados carregados com sucesso: clientes.json
2025-05-14 22:05:21 - INFO - Dados carregados com sucesso: clientes.json
2025-05-14 22:05:21 - INFO - Dados carregados com sucesso: clientes.json
2025-05-14 22:05:21 - INFO - Dados carregados com sucesso: produtos.csv
2025-05-14 22:05:21 - INFO - Dados carregados com sucesso: produtos.csv
2025-05-14 22:05:21 - INFO - Dados carregados com sucesso: produtos.csv
2025-05-14 22:05:21 - INFO - Dados carregados com sucesso: produtos.csv
2025-05-14 22:05:21 - INFO - Datas formatadas. Registros descartados: 11
2025-05-14 22:05:21 - INFO - Datas formatadas. Registros descartados: 11
2025-05-14 22:05:21 - INFO - Datas formatadas. Registros descartados: 11
2025-05-14 22:05:21 - INFO - Datas formatadas. Registros descartados: 11
2025-05-14 22:05:21 - INFO - IDs de cliente não numéricos descartados: 0
2025-05-14 22:05:21 - INFO - IDs de cliente não numéricos descartados: 0
2025-05-14 22:05:21 - INFO - IDs de cliente não numéricos descartados: 0
2025-05-14 22:05:21 - INFO - IDs de cliente não numéricos descartados: 0
2025-05-14 22:05:21 - INFO - Clientes ativos mantidos: 2
2025-05-14 22:05:21 - INFO - Clientes ativos mantidos: 2
2025-05-14 22:05:21 - INFO - Clientes ativos mantidos: 2
2025-05-14 22:05:21 - INFO - Clientes ativos mantidos: 2
2025-05-14 22:05:22 - INFO - Validação de colunas concluída sem erros.
2025-05-14 22:05:22 - INFO - Validação de colunas concluída sem erros.
2025-05-14 22:05:22 - INFO - Validação de colunas concluída sem erros.
2025-05-14 22:05:22 - INFO - Validação de colunas concluída sem erros.
2025-05-14 22:05:22 - INFO - Pipeline concluído: /home/periclesevt/PycharmProjects/pipeline-experiment/data/output/vendas_processadas.csv
2025-05-14 22:05:22 - INFO - Pipeline concluído: /home/periclesevt/PycharmProjects/pipeline-experiment/data/output/vendas_processadas.csv
2025-05-14 22:05:22 - INFO - Pipeline concluído: /home/periclesevt/PycharmProjects/pipeline-experiment/data/output/vendas_processadas.csv
2025-05-14 22:05:22 - INFO - Pipeline concluído: /home/periclesevt/PycharmProjects/pipeline-experiment/data/output/vendas_processadas.csv
2025-05-14 22:07:16 - INFO - Dados carregados com sucesso: vendas.csv
2025-05-14 22:07:16 - INFO - Dados carregados com sucesso: vendas.csv
2025-05-14 22:07:16 - INFO - Dados carregados com sucesso: vendas.csv
2025-05-14 22:07:16 - INFO - Dados carregados com sucesso: vendas.csv
2025-05-14 22:07:16 - INFO - Dados carregados com sucesso: clientes.json
2025-05-14 22:07:16 - INFO - Dados carregados com sucesso: clientes.json
2025-05-14 22:07:16 - INFO - Dados carregados com sucesso: clientes.json
2025-05-14 22:07:16 - INFO - Dados carregados com sucesso: clientes.json
2025-05-14 22:07:16 - INFO - Dados carregados com sucesso: produtos.csv
2025-05-14 22:07:16 - INFO - Dados carregados com sucesso: produtos.csv
2025-05-14 22:07:16 - INFO - Dados carregados com sucesso: produtos.csv
2025-05-14 22:07:16 - INFO - Dados carregados com sucesso: produtos.csv
2025-05-14 22:07:16 - INFO - Datas formatadas. Registros descartados: 11
2025-05-14 22:07:16 - INFO - Datas formatadas. Registros descartados: 11
2025-05-14 22:07:16 - INFO - Datas formatadas. Registros descartados: 11
2025-05-14 22:07:16 - INFO - Datas formatadas. Registros descartados: 11
2025-05-14 22:07:16 - INFO - IDs de cliente não numéricos descartados: 0
2025-05-14 22:07:16 - INFO - IDs de cliente não numéricos descartados: 0
2025-05-14 22:07:16 - INFO - IDs de cliente não numéricos descartados: 0
2025-05-14 22:07:16 - INFO - IDs de cliente não numéricos descartados: 0
2025-05-14 22:07:16 - INFO - Clientes ativos mantidos: 2
2025-05-14 22:07:16 - INFO - Clientes ativos mantidos: 2
2025-05-14 22:07:16 - INFO - Clientes ativos mantidos: 2
2025-05-14 22:07:16 - INFO - Clientes ativos mantidos: 2
2025-05-14 22:07:16 - INFO - Validação de colunas concluída sem erros.
2025-05-14 22:07:16 - INFO - Validação de colunas concluída sem erros.
2025-05-14 22:07:16 - INFO - Validação de colunas concluída sem erros.
2025-05-14 22:07:16 - INFO - Validação de colunas concluída sem erros.
2025-05-14 22:07:16 - INFO - Pipeline concluído: /home/periclesevt/PycharmProjects/pipeline-experiment/data/output/vendas_processadas.csv
2025-05-14 22:07:16 - INFO - Pipeline concluído: /home/periclesevt/PycharmProjects/pipeline-experiment/data/output/vendas_processadas.csv
2025-05-14 22:07:16 - INFO - Pipeline concluído: /home/periclesevt/PycharmProjects/pipeline-experiment/data/output/vendas_processadas.csv
2025-05-14 22:07:16 - INFO - Pipeline concluído: /home/periclesevt/PycharmProjects/pipeline-experiment/data/output/vendas_processadas.csv
2025-05-14 22:09:11 - INFO - Dados carregados com sucesso: vendas.csv
2025-05-14 22:09:11 - INFO - Dados carregados com sucesso: vendas.csv
2025-05-14 22:09:11 - INFO - Dados carregados com sucesso: vendas.csv
2025-05-14 22:09:11 - INFO - Dados carregados com sucesso: vendas.csv
2025-05-14 22:09:11 - INFO - Dados carregados com sucesso: clientes.json
2025-05-14 22:09:11 - INFO - Dados carregados com sucesso: clientes.json
2025-05-14 22:09:11 - INFO - Dados carregados com sucesso: clientes.json
2025-05-14 22:09:11 - INFO - Dados carregados com sucesso: clientes.json
2025-05-14 22:09:11 - INFO - Dados carregados com sucesso: produtos.csv
2025-05-14 22:09:11 - INFO - Dados carregados com sucesso: produtos.csv
2025-05-14 22:09:11 - INFO - Dados carregados com sucesso: produtos.csv
2025-05-14 22:09:11 - INFO - Dados carregados com sucesso: produtos.csv
2025-05-14 22:09:11 - INFO - Datas formatadas. Registros descartados: 3
2025-05-14 22:09:11 - INFO - Datas formatadas. Registros descartados: 3
2025-05-14 22:09:11 - INFO - Datas formatadas. Registros descartados: 3
2025-05-14 22:09:11 - INFO - Datas formatadas. Registros descartados: 3
2025-05-14 22:09:11 - INFO - IDs de cliente não numéricos descartados: 1
2025-05-14 22:09:11 - INFO - IDs de cliente não numéricos descartados: 1
2025-05-14 22:09:11 - INFO - IDs de cliente não numéricos descartados: 1
2025-05-14 22:09:11 - INFO - IDs de cliente não numéricos descartados: 1
2025-05-14 22:09:11 - INFO - Clientes ativos mantidos: 5
2025-05-14 22:09:11 - INFO - Clientes ativos mantidos: 5
2025-05-14 22:09:11 - INFO - Clientes ativos mantidos: 5
2025-05-14 22:09:11 - INFO - Clientes ativos mantidos: 5
2025-05-14 22:09:11 - INFO - Validação de colunas concluída sem erros.
2025-05-14 22:09:11 - INFO - Validação de colunas concluída sem erros.
2025-05-14 22:09:11 - INFO - Validação de colunas concluída sem erros.
2025-05-14 22:09:11 - INFO - Validação de colunas concluída sem erros.
2025-05-14 22:09:11 - INFO - Pipeline concluído: /home/periclesevt/PycharmProjects/pipeline-experiment/data/output/vendas_processadas.csv
2025-05-14 22:09:11 - INFO - Pipeline concluído: /home/periclesevt/PycharmProjects/pipeline-experiment/data/output/vendas_processadas.csv
2025-05-14 22:09:11 - INFO - Pipeline concluído: /home/periclesevt/PycharmProjects/pipeline-experiment/data/output/vendas_processadas.csv
2025-05-14 22:09:11 - INFO - Pipeline concluído: /home/periclesevt/PycharmProjects/pipeline-experiment/data/output/vendas_processadas.csv
